2013-12-18T15:31:03.824691+00:00 app[web.1]: 
2013-12-18T15:31:03.824691+00:00 app[web.1]:   app/controllers/welcome_controller.rb:16:in `index'
2013-12-18T15:31:03.824510+00:00 app[web.1]: ActionView::Template::Error (undefined method `error_messages_for' for #<#<Class:0x007fdcb5ac8c50>:0x007fdcb5fcc328>):
2013-12-18T15:31:03.824510+00:00 app[web.1]:     36:             </div>
2013-12-18T15:31:03.824510+00:00 app[web.1]:     35:               </ul>
2013-12-18T15:31:03.824510+00:00 app[web.1]:     37:         <% end %>
2013-12-18T15:31:03.824691+00:00 app[web.1]: 
2013-12-18T15:31:03.824510+00:00 app[web.1]:     40:         <%= form_for @student, :url => {:action => 'create'} do |f| %>
2013-12-18T15:31:03.828184+00:00 heroku[router]: at=info method=GET path=/ host=intense-garden-5769.herokuapp.com fwd="173.247.201.186" dyno=web.1 connect=1ms service=147ms status=500 bytes=643
2013-12-18T15:33:28.162377+00:00 heroku[api]: Starting process with command `bundle exec rake db:migrate` by yfswun@yahoo.com
2013-12-18T15:33:33.312454+00:00 heroku[run.4579]: State changed from starting to up
2013-12-18T15:33:33.637651+00:00 heroku[run.4579]: Awaiting client
2013-12-18T15:33:33.674043+00:00 heroku[run.4579]: Starting process with command `bundle exec rake db:migrate`
2013-12-18T15:33:37.100121+00:00 heroku[run.4579]: Process exited with status 0
2013-12-18T15:33:37.115452+00:00 heroku[run.4579]: State changed from up to complete
2013-12-18T15:33:46.021650+00:00 app[web.1]: Started GET "/" for 173.247.201.186 at 2013-12-18 15:33:46 +0000
2013-12-18T15:33:46.038270+00:00 app[web.1]: Processing by WelcomeController#index as HTML
2013-12-18T15:33:46.216986+00:00 app[web.1]:   Rendered welcome/index.html.erb within layouts/application (142.5ms)
2013-12-18T15:33:46.217419+00:00 app[web.1]: Completed 500 Internal Server Error in 175ms
2013-12-18T15:33:46.241490+00:00 app[web.1]:     35:               </ul>
2013-12-18T15:33:46.241490+00:00 app[web.1]:     36:             </div>
2013-12-18T15:33:46.241490+00:00 app[web.1]: ActionView::Template::Error (undefined method `error_messages_for' for #<#<Class:0x007fdcb5ac8c50>:0x007fdcb437f008>):
2013-12-18T15:33:46.241490+00:00 app[web.1]:     38:         <%= error_messages_for :student %>
2013-12-18T15:33:46.241490+00:00 app[web.1]:     39:         <%= error_messages_for :url %>
2013-12-18T15:33:46.243780+00:00 heroku[router]: at=info method=GET path=/ host=intense-garden-5769.herokuapp.com fwd="173.247.201.186" dyno=web.1 connect=1ms service=263ms status=500 bytes=643
2013-12-18T15:33:46.241490+00:00 app[web.1]: 
2013-12-18T15:33:46.241490+00:00 app[web.1]:     37:         <% end %>
2013-12-18T15:33:46.241666+00:00 app[web.1]:   app/controllers/welcome_controller.rb:16:in `index'
2013-12-18T15:33:46.241666+00:00 app[web.1]: 
2013-12-18T15:33:46.241490+00:00 app[web.1]:     41:             <%= f.error_messages %>
2013-12-18T15:33:46.241490+00:00 app[web.1]:     40:         <%= form_for @student, :url => {:action => 'create'} do |f| %>
2013-12-18T15:33:46.241490+00:00 app[web.1]:   app/views/welcome/index.html.erb:38:in `_app_views_welcome_index_html_erb__4271311862108791899_70292940694700'
2013-12-18T15:33:46.241666+00:00 app[web.1]: 
2013-12-18T15:34:07.416305+00:00 app[web.1]: Started GET "/" for 173.247.201.186 at 2013-12-18 15:34:07 +0000
2013-12-18T15:34:07.428235+00:00 app[web.1]: Processing by WelcomeController#index as HTML
2013-12-18T15:34:07.530671+00:00 app[web.1]:   Rendered welcome/index.html.erb within layouts/application (86.0ms)
2013-12-18T15:34:07.542324+00:00 app[web.1]: Completed 500 Internal Server Error in 109ms
2013-12-18T15:34:07.545869+00:00 app[web.1]: 
2013-12-18T15:34:07.545869+00:00 app[web.1]: ActionView::Template::Error (undefined method `error_messages_for' for #<#<Class:0x007fdcb5ac8c50>:0x007fdcb5792608>):
2013-12-18T15:34:07.545869+00:00 app[web.1]:     36:             </div>
2013-12-18T15:34:07.545869+00:00 app[web.1]:     37:         <% end %>
2013-12-18T15:34:07.545869+00:00 app[web.1]:     35:               </ul>
2013-12-18T15:34:07.545869+00:00 app[web.1]:     38:         <%= error_messages_for :student %>
2013-12-18T15:34:07.545869+00:00 app[web.1]:   app/views/welcome/index.html.erb:38:in `_app_views_welcome_index_html_erb__4271311862108791899_70292940694700'
2013-12-18T15:34:07.546076+00:00 app[web.1]:   app/controllers/welcome_controller.rb:16:in `index'
2013-12-18T15:34:07.546076+00:00 app[web.1]: 
2013-12-18T15:34:07.545869+00:00 app[web.1]:     40:         <%= form_for @student, :url => {:action => 'create'} do |f| %>
2013-12-18T15:34:07.545869+00:00 app[web.1]:     39:         <%= error_messages_for :url %>
2013-12-18T15:34:07.545869+00:00 app[web.1]:     41:             <%= f.error_messages %>
2013-12-18T15:34:07.546076+00:00 app[web.1]: 
2013-12-18T15:34:07.547596+00:00 heroku[router]: at=info method=GET path=/ host=intense-garden-5769.herokuapp.com fwd="173.247.201.186" dyno=web.1 connect=2ms service=162ms status=500 bytes=643
2013-12-18T15:41:22+00:00 heroku[slug-compiler]: Slug compilation started
2013-12-18T15:41:53+00:00 heroku[slug-compiler]: Slug compilation finished
2013-12-18T15:41:53.296397+00:00 heroku[web.1]: State changed from up to starting
2013-12-18T15:41:55.839333+00:00 heroku[web.1]: Stopping all processes with SIGTERM
2013-12-18T15:41:56.313389+00:00 app[web.1]: 	/app/vendor/ruby-2.0.0/lib/ruby/2.0.0/webrick/server.rb:170:in `select'
2013-12-18T15:41:56.313389+00:00 app[web.1]: 	/app/vendor/ruby-2.0.0/lib/ruby/2.0.0/webrick/server.rb:170:in `block in start'
2013-12-18T15:41:56.313389+00:00 app[web.1]: 	/app/vendor/ruby-2.0.0/lib/ruby/2.0.0/webrick/server.rb:160:in `start'
2013-12-18T15:41:56.313389+00:00 app[web.1]: 	/app/vendor/bundle/ruby/2.0.0/gems/rack-1.4.5/lib/rack/handler/webrick.rb:13:in `run'
2013-12-18T15:41:56.313389+00:00 app[web.1]: [2013-12-18 15:41:56] FATAL SignalException: SIGTERM
2013-12-18T15:41:56.313615+00:00 app[web.1]: 	/app/vendor/bundle/ruby/2.0.0/gems/railties-3.2.11/lib/rails/commands.rb:50:in `<top (required)>'
2013-12-18T15:41:56.313389+00:00 app[web.1]: 	/app/vendor/ruby-2.0.0/lib/ruby/2.0.0/webrick/server.rb:32:in `start'
2013-12-18T15:41:56.313389+00:00 app[web.1]: 	/app/vendor/bundle/ruby/2.0.0/gems/railties-3.2.11/lib/rails/commands.rb:50:in `tap'
2013-12-18T15:41:56.313389+00:00 app[web.1]: 	/app/vendor/bundle/ruby/2.0.0/gems/rack-1.4.5/lib/rack/server.rb:268:in `start'
2013-12-18T15:41:56.313615+00:00 app[web.1]: [2013-12-18 15:41:56] INFO  WEBrick::HTTPServer#start done.
2013-12-18T15:41:56.313615+00:00 app[web.1]: 	script/rails:6:in `require'
2013-12-18T15:41:56.313389+00:00 app[web.1]: 	/app/vendor/bundle/ruby/2.0.0/gems/railties-3.2.11/lib/rails/commands/server.rb:70:in `start'
2013-12-18T15:41:56.313615+00:00 app[web.1]: Exiting
2013-12-18T15:41:56.313389+00:00 app[web.1]: 	/app/vendor/bundle/ruby/2.0.0/gems/railties-3.2.11/lib/rails/commands.rb:55:in `block in <top (required)>'
2013-12-18T15:41:56.313615+00:00 app[web.1]: 	script/rails:6:in `<main>'
2013-12-18T15:41:56.313615+00:00 app[web.1]: [2013-12-18 15:41:56] INFO  going to shutdown ...
2013-12-18T15:41:57.101640+00:00 heroku[web.1]: Starting process with command `bundle exec rails server -p 25889`
2013-12-18T15:41:58.038581+00:00 heroku[web.1]: Process exited with status 143
2013-12-18T15:41:59.663763+00:00 app[web.1]: => Rails 3.2.11 application starting in production on http://0.0.0.0:25889
2013-12-18T15:41:59.663763+00:00 app[web.1]: => Call with -d to detach
2013-12-18T15:41:59.663763+00:00 app[web.1]: Connecting to database specified by DATABASE_URL
2013-12-18T15:41:59.663763+00:00 app[web.1]: => Booting WEBrick
2013-12-18T15:41:59.663763+00:00 app[web.1]: => Ctrl-C to shutdown server
2013-12-18T15:41:59.835284+00:00 app[web.1]: [2013-12-18 15:41:59] INFO  WEBrick 1.3.1
2013-12-18T15:41:59.835284+00:00 app[web.1]: [2013-12-18 15:41:59] INFO  ruby 2.0.0 (2013-11-22) [x86_64-linux]
2013-12-18T15:41:59.835654+00:00 app[web.1]: [2013-12-18 15:41:59] INFO  WEBrick::HTTPServer#start: pid=2 port=25889
2013-12-18T15:42:00.098166+00:00 heroku[web.1]: State changed from starting to up
2013-12-18T15:42:45.481314+00:00 app[web.1]: Started GET "/" for 173.247.201.186 at 2013-12-18 15:42:45 +0000
2013-12-18T15:42:45.533364+00:00 app[web.1]: Processing by WelcomeController#index as HTML
2013-12-18T15:42:45.674274+00:00 app[web.1]: Completed 500 Internal Server Error in 141ms
2013-12-18T15:42:45.676286+00:00 app[web.1]: 
2013-12-18T15:42:45.676286+00:00 app[web.1]: ActionView::Template::Error (undefined method `error_messages' for #<ActionView::Helpers::FormBuilder:0x007fcabee88c90>):
2013-12-18T15:42:45.676286+00:00 app[web.1]:     36:             </div>
2013-12-18T15:42:45.676286+00:00 app[web.1]:     37:         <% end %>
2013-12-18T15:42:45.676286+00:00 app[web.1]:     38:         <%= form_for @student, :url => {:action => 'create'} do |f| %>
2013-12-18T15:42:45.674186+00:00 app[web.1]:   Rendered welcome/index.html.erb within layouts/application (56.3ms)
2013-12-18T15:42:45.676286+00:00 app[web.1]:     42:                           [['Choose your course',''],['CS 132A','cs132a'],['CIS 113','cis113']],
2013-12-18T15:42:45.676286+00:00 app[web.1]:   app/views/welcome/index.html.erb:39:in `block in _app_views_welcome_index_html_erb___2526203565062266631_70254376344120'
2013-12-18T15:42:45.676466+00:00 app[web.1]: 
2013-12-18T15:42:45.676466+00:00 app[web.1]: 
2013-12-18T15:42:45.676466+00:00 app[web.1]:   app/views/welcome/index.html.erb:38:in `_app_views_welcome_index_html_erb___2526203565062266631_70254376344120'
2013-12-18T15:42:45.676466+00:00 app[web.1]:   app/controllers/welcome_controller.rb:16:in `index'
2013-12-18T15:42:45.676286+00:00 app[web.1]:     39:             <%= f.error_messages %>
2013-12-18T15:42:45.676286+00:00 app[web.1]:     40:           <p><%= f.label :Course %></p>
2013-12-18T15:42:45.676286+00:00 app[web.1]:     41:           <p><%= f.select :course,
2013-12-18T15:42:45.678963+00:00 heroku[router]: at=info method=GET path=/ host=intense-garden-5769.herokuapp.com fwd="173.247.201.186" dyno=web.1 connect=6ms service=206ms status=500 bytes=643
